  [1m[35m (0.0ms)[0m  [1m[34mSELECT sqlite_version(*)[0m
  [1m[35m (46.8ms)[0m  [1m[35mCREATE TABLE "schema_migrations" ("version" varchar NOT NULL PRIMARY KEY)[0m
  [1m[35m (62.4ms)[0m  [1m[35mCREATE TABLE "ar_internal_metadata" ("key" varchar NOT NULL PRIMARY KEY, "value" varchar, "created_at" datetime NOT NULL, "updated_at" datetime NOT NULL)[0m
  [1m[35m (0.0ms)[0m  [1m[34mSELECT "schema_migrations"."version" FROM "schema_migrations" ORDER BY "schema_migrations"."version" ASC[0m
Migrating to CreateUsers (20180811002549)
  [1m[35m (0.0ms)[0m  [1m[36mbegin transaction[0m
  [1m[35m (15.6ms)[0m  [1m[35mCREATE TABLE "users" ("id" INTEGER PRIMARY KEY AUTOINCREMENT NOT NULL, "name" varchar, "email" varchar, "password_digest" varchar, "created_at" datetime NOT NULL, "updated_at" datetime NOT NULL)[0m
  [1m[35mSQL (0.0ms)[0m  [1m[32mINSERT INTO "schema_migrations" ("version") VALUES (?)[0m  [["version", "20180811002549"]]
  [1m[35m (78.0ms)[0m  [1m[36mcommit transaction[0m
  [1m[36mActiveRecord::InternalMetadata Load (0.0ms)[0m  [1m[34mSELECT  "ar_internal_metadata".* FROM "ar_internal_metadata" WHERE "ar_internal_metadata"."key" = ? LIMIT ?[0m  [["key", "environment"], ["LIMIT", 1]]
  [1m[35m (0.0ms)[0m  [1m[36mbegin transaction[0m
  [1m[35mSQL (0.0ms)[0m  [1m[32mINSERT INTO "ar_internal_metadata" ("key", "value", "created_at", "updated_at") VALUES (?, ?, ?, ?)[0m  [["key", "environment"], ["value", "development"], ["created_at", "2018-08-11 00:29:56.177965"], ["updated_at", "2018-08-11 00:29:56.177965"]]
  [1m[35m (93.6ms)[0m  [1m[36mcommit transaction[0m
  [1m[35m (0.0ms)[0m  [1m[34mSELECT "schema_migrations"."version" FROM "schema_migrations" ORDER BY "schema_migrations"."version" ASC[0m
Started GET "/" for 127.0.0.1 at 2018-08-10 20:21:06 -0500
  [1m[35m (0.0ms)[0m  [1m[34mSELECT "schema_migrations"."version" FROM "schema_migrations" ORDER BY "schema_migrations"."version" ASC[0m
Processing by Rails::WelcomeController#index as HTML
  Rendering C:/RailsInstaller/Ruby2.3.3/lib/ruby/gems/2.3.0/gems/railties-5.1.6/lib/rails/templates/rails/welcome/index.html.erb
  Rendered C:/RailsInstaller/Ruby2.3.3/lib/ruby/gems/2.3.0/gems/railties-5.1.6/lib/rails/templates/rails/welcome/index.html.erb (26.0ms)
Completed 200 OK in 133ms (Views: 72.4ms | ActiveRecord: 0.0ms)


Started GET "/favicon.ico" for 127.0.0.1 at 2018-08-10 20:21:06 -0500
  
ActionController::RoutingError (No route matches [GET] "/favicon.ico"):
  
actionpack (5.1.6) lib/action_dispatch/middleware/debug_exceptions.rb:63:in `call'
actionpack (5.1.6) lib/action_dispatch/middleware/show_exceptions.rb:31:in `call'
railties (5.1.6) lib/rails/rack/logger.rb:36:in `call_app'
railties (5.1.6) lib/rails/rack/logger.rb:24:in `block in call'
activesupport (5.1.6) lib/active_support/tagged_logging.rb:69:in `block in tagged'
activesupport (5.1.6) lib/active_support/tagged_logging.rb:26:in `tagged'
activesupport (5.1.6) lib/active_support/tagged_logging.rb:69:in `tagged'
railties (5.1.6) lib/rails/rack/logger.rb:24:in `call'
actionpack (5.1.6) lib/action_dispatch/middleware/remote_ip.rb:79:in `call'
actionpack (5.1.6) lib/action_dispatch/middleware/request_id.rb:25:in `call'
rack (2.0.5) lib/rack/runtime.rb:22:in `call'
activesupport (5.1.6) lib/active_support/cache/strategy/local_cache_middleware.rb:27:in `call'
actionpack (5.1.6) lib/action_dispatch/middleware/executor.rb:12:in `call'
actionpack (5.1.6) lib/action_dispatch/middleware/static.rb:125:in `call'
rack (2.0.5) lib/rack/sendfile.rb:111:in `call'
rack-cors (1.0.2) lib/rack/cors.rb:97:in `call'
railties (5.1.6) lib/rails/engine.rb:522:in `call'
puma (3.12.0) lib/puma/configuration.rb:225:in `call'
puma (3.12.0) lib/puma/server.rb:658:in `handle_request'
puma (3.12.0) lib/puma/server.rb:472:in `process_client'
puma (3.12.0) lib/puma/server.rb:332:in `block in run'
puma (3.12.0) lib/puma/thread_pool.rb:133:in `block in spawn_thread'
Started POST "/" for 127.0.0.1 at 2018-08-10 20:25:12 -0500
  
ActionController::RoutingError (No route matches [POST] "/"):
  
actionpack (5.1.6) lib/action_dispatch/middleware/debug_exceptions.rb:63:in `call'
actionpack (5.1.6) lib/action_dispatch/middleware/show_exceptions.rb:31:in `call'
railties (5.1.6) lib/rails/rack/logger.rb:36:in `call_app'
railties (5.1.6) lib/rails/rack/logger.rb:24:in `block in call'
activesupport (5.1.6) lib/active_support/tagged_logging.rb:69:in `block in tagged'
activesupport (5.1.6) lib/active_support/tagged_logging.rb:26:in `tagged'
activesupport (5.1.6) lib/active_support/tagged_logging.rb:69:in `tagged'
railties (5.1.6) lib/rails/rack/logger.rb:24:in `call'
actionpack (5.1.6) lib/action_dispatch/middleware/remote_ip.rb:79:in `call'
actionpack (5.1.6) lib/action_dispatch/middleware/request_id.rb:25:in `call'
rack (2.0.5) lib/rack/runtime.rb:22:in `call'
activesupport (5.1.6) lib/active_support/cache/strategy/local_cache_middleware.rb:27:in `call'
actionpack (5.1.6) lib/action_dispatch/middleware/executor.rb:12:in `call'
actionpack (5.1.6) lib/action_dispatch/middleware/static.rb:125:in `call'
rack (2.0.5) lib/rack/sendfile.rb:111:in `call'
rack-cors (1.0.2) lib/rack/cors.rb:97:in `call'
railties (5.1.6) lib/rails/engine.rb:522:in `call'
puma (3.12.0) lib/puma/configuration.rb:225:in `call'
puma (3.12.0) lib/puma/server.rb:658:in `handle_request'
puma (3.12.0) lib/puma/server.rb:472:in `process_client'
puma (3.12.0) lib/puma/server.rb:332:in `block in run'
puma (3.12.0) lib/puma/thread_pool.rb:133:in `block in spawn_thread'
Started GET "/" for 127.0.0.1 at 2018-08-10 20:30:11 -0500
Processing by Rails::WelcomeController#index as */*
  Rendering C:/RailsInstaller/Ruby2.3.3/lib/ruby/gems/2.3.0/gems/railties-5.1.6/lib/rails/templates/rails/welcome/index.html.erb
  Rendered C:/RailsInstaller/Ruby2.3.3/lib/ruby/gems/2.3.0/gems/railties-5.1.6/lib/rails/templates/rails/welcome/index.html.erb (15.6ms)
Completed 200 OK in 558ms (Views: 280.0ms | ActiveRecord: 0.0ms)


Started GET "/users" for 127.0.0.1 at 2018-08-10 20:31:19 -0500
Processing by UsersController#index as */*
Completed 500 Internal Server Error in 3ms (ActiveRecord: 0.0ms)


  
SyntaxError (C:/Users/admin/Desktop/mi_api/app/models/user.rb:9: syntax error, unexpected tSYMBEG, expecting keyword_end
... :email, presence:true. length:{maximum: 255}, format: {widt...
...                               ^
C:/Users/admin/Desktop/mi_api/app/models/user.rb:9: syntax error, unexpected ',', expecting keyword_end
...ce:true. length:{maximum: 255}, format: {width: VALID_EMAIL_...
...                               ^
C:/Users/admin/Desktop/mi_api/app/models/user.rb:9: syntax error, unexpected ',', expecting keyword_end
...at: {width: VALID_EMAIL_REGEX}, uniqueness: {case_sensitive:...
...                               ^):
  
app/models/user.rb:9: syntax error, unexpected tSYMBEG, expecting keyword_end
app/models/user.rb:9: syntax error, unexpected ',', expecting keyword_end
app/models/user.rb:9: syntax error, unexpected ',', expecting keyword_end
app/controllers/users_controller.rb:7:in `index'
Started GET "/users" for 127.0.0.1 at 2018-08-10 20:31:38 -0500
Processing by UsersController#index as */*
Completed 500 Internal Server Error in 5ms (ActiveRecord: 0.0ms)


  
SyntaxError (C:/Users/admin/Desktop/mi_api/app/models/user.rb:9: syntax error, unexpected tSYMBEG, expecting keyword_end
... :email, presence:true. length:{maximum: 255}, format: {widt...
...                               ^
C:/Users/admin/Desktop/mi_api/app/models/user.rb:9: syntax error, unexpected ',', expecting keyword_end
...ce:true. length:{maximum: 255}, format: {width: VALID_EMAIL_...
...                               ^
C:/Users/admin/Desktop/mi_api/app/models/user.rb:9: syntax error, unexpected ',', expecting keyword_end
...at: {width: VALID_EMAIL_REGEX}, uniqueness: {case_sensitive:...
...                               ^):
  
app/models/user.rb:9: syntax error, unexpected tSYMBEG, expecting keyword_end
app/models/user.rb:9: syntax error, unexpected ',', expecting keyword_end
app/models/user.rb:9: syntax error, unexpected ',', expecting keyword_end
app/controllers/users_controller.rb:7:in `index'
Started GET "/users" for 127.0.0.1 at 2018-08-10 20:32:14 -0500
Processing by UsersController#index as */*
Completed 500 Internal Server Error in 0ms (ActiveRecord: 0.0ms)


  
SyntaxError (C:/Users/admin/Desktop/mi_api/app/models/user.rb:9: syntax error, unexpected tSYMBEG, expecting keyword_end
... :email, presence:true. length:{maximum: 255}, format: {widt...
...                               ^
C:/Users/admin/Desktop/mi_api/app/models/user.rb:9: syntax error, unexpected ',', expecting keyword_end
...ce:true. length:{maximum: 255}, format: {width: VALID_EMAIL_...
...                               ^
C:/Users/admin/Desktop/mi_api/app/models/user.rb:9: syntax error, unexpected ',', expecting keyword_end
...at: {width: VALID_EMAIL_REGEX}, uniqueness: {case_sensitive:...
...                               ^):
  
app/models/user.rb:9: syntax error, unexpected tSYMBEG, expecting keyword_end
app/models/user.rb:9: syntax error, unexpected ',', expecting keyword_end
app/models/user.rb:9: syntax error, unexpected ',', expecting keyword_end
app/controllers/users_controller.rb:7:in `index'
Started GET "/users" for 127.0.0.1 at 2018-08-10 20:33:01 -0500
Processing by UsersController#index as */*
Completed 500 Internal Server Error in 3ms


  
SyntaxError (C:/Users/admin/Desktop/mi_api/app/models/user.rb:9: syntax error, unexpected tSYMBEG, expecting keyword_end
... :email, presence:true. length:{maximum: 255}, format: {with...
...                               ^
C:/Users/admin/Desktop/mi_api/app/models/user.rb:9: syntax error, unexpected ',', expecting keyword_end
...ce:true. length:{maximum: 255}, format: {with: VALID_EMAIL_R...
...                               ^
C:/Users/admin/Desktop/mi_api/app/models/user.rb:9: syntax error, unexpected ',', expecting keyword_end
...mat: {with: VALID_EMAIL_REGEX}, uniqueness: {case_sensitive:...
...                               ^):
  
app/models/user.rb:9: syntax error, unexpected tSYMBEG, expecting keyword_end
app/models/user.rb:9: syntax error, unexpected ',', expecting keyword_end
app/models/user.rb:9: syntax error, unexpected ',', expecting keyword_end
app/controllers/users_controller.rb:7:in `index'
Started GET "/users" for 127.0.0.1 at 2018-08-10 20:33:31 -0500
Processing by UsersController#index as */*
Completed 500 Internal Server Error in 10ms


  
ArgumentError (Range unspecified. Specify the :in, :within, :maximum, :minimum, or :is option.):
  
app/models/user.rb:10:in `<class:User>'
app/models/user.rb:1:in `<top (required)>'
app/controllers/users_controller.rb:7:in `index'
Started GET "/users" for 127.0.0.1 at 2018-08-10 20:34:18 -0500
Processing by UsersController#index as */*
  [1m[36mUser Load (0.0ms)[0m  [1m[34mSELECT "users".* FROM "users"[0m
[active_model_serializers] Rendered ActiveModel::Serializer::CollectionSerializer with ActiveModelSerializers::Adapter::Attributes (0.0ms)
Completed 200 OK in 31ms (Views: 20.2ms | ActiveRecord: 0.0ms)


Started POST "/users" for 127.0.0.1 at 2018-08-10 20:59:13 -0500
Processing by UsersController#create as */*
  Parameters: {"user"=>{"nombre"=>"Andres", "email"=>"andycega07@gmail.com", "password"=>"[FILTERED]", "password_confirmation"=>"[FILTERED]"}}
Unpermitted parameter: :nombre
  [1m[35m (0.0ms)[0m  [1m[36mbegin transaction[0m
  [1m[36mUser Exists (15.6ms)[0m  [1m[34mSELECT  1 AS one FROM "users" WHERE LOWER("users"."email") = LOWER(?) LIMIT ?[0m  [["email", "andycega07@gmail.com"], ["LIMIT", 1]]
  [1m[35m (0.0ms)[0m  [1m[31mrollback transaction[0m
[active_model_serializers] Rendered ActiveModel::Serializer::Null with ActiveModel::Errors (0.0ms)
Completed 422 Unprocessable Entity in 6136ms (Views: 11.5ms | ActiveRecord: 15.6ms)


Started POST "/users" for 127.0.0.1 at 2018-08-10 21:00:12 -0500
Processing by UsersController#create as */*
  Parameters: {"user"=>{"name"=>"Andres", "email"=>"andycega07@gmail.com", "password"=>"[FILTERED]", "password_confirmation"=>"[FILTERED]"}}
  [1m[35m (0.0ms)[0m  [1m[36mbegin transaction[0m
  [1m[36mUser Exists (0.0ms)[0m  [1m[34mSELECT  1 AS one FROM "users" WHERE LOWER("users"."email") = LOWER(?) LIMIT ?[0m  [["email", "andycega07@gmail.com"], ["LIMIT", 1]]
  [1m[35m (0.0ms)[0m  [1m[31mrollback transaction[0m
[active_model_serializers] Rendered ActiveModel::Serializer::Null with ActiveModel::Errors (0.0ms)
Completed 422 Unprocessable Entity in 79ms (Views: 0.9ms | ActiveRecord: 0.0ms)


Started POST "/users" for 127.0.0.1 at 2018-08-10 21:00:36 -0500
Processing by UsersController#create as */*
  Parameters: {"user"=>{"name"=>"Andres", "email"=>"andycega@gmail.com", "password"=>"[FILTERED]", "password_confirmation"=>"[FILTERED]"}}
  [1m[35m (0.0ms)[0m  [1m[36mbegin transaction[0m
  [1m[36mUser Exists (0.0ms)[0m  [1m[34mSELECT  1 AS one FROM "users" WHERE LOWER("users"."email") = LOWER(?) LIMIT ?[0m  [["email", "andycega@gmail.com"], ["LIMIT", 1]]
  [1m[35m (0.0ms)[0m  [1m[31mrollback transaction[0m
[active_model_serializers] Rendered ActiveModel::Serializer::Null with ActiveModel::Errors (0.0ms)
Completed 422 Unprocessable Entity in 83ms (Views: 0.6ms | ActiveRecord: 0.0ms)


Started POST "/users" for 127.0.0.1 at 2018-08-10 21:04:02 -0500
Processing by UsersController#create as */*
  Parameters: {"user"=>{"name"=>"Andres", "email"=>"andycega07@gmail.com", "password"=>"[FILTERED]", "password_confirmation"=>"[FILTERED]"}}
  [1m[35m (0.0ms)[0m  [1m[36mbegin transaction[0m
  [1m[36mUser Exists (0.0ms)[0m  [1m[34mSELECT  1 AS one FROM "users" WHERE LOWER("users"."email") = LOWER(?) LIMIT ?[0m  [["email", "andycega07@gmail.com"], ["LIMIT", 1]]
  [1m[35mSQL (0.0ms)[0m  [1m[32mINSERT INTO "users" ("name", "email", "password_digest", "created_at", "updated_at") VALUES (?, ?, ?, ?, ?)[0m  [["name", "Andres"], ["email", "andycega07@gmail.com"], ["password_digest", "$2a$10$mCQAHWrdoi/Rn/lIP.n9F.gKRLlal5QMCDLKbXjQb.ereMHdC02FS"], ["created_at", "2018-08-11 02:04:02.270094"], ["updated_at", "2018-08-11 02:04:02.270094"]]
  [1m[35m (109.2ms)[0m  [1m[36mcommit transaction[0m
[active_model_serializers] Rendered UserSerializer with ActiveModelSerializers::Adapter::Attributes (15.6ms)
Completed 201 Created in 234ms (Views: 13.3ms | ActiveRecord: 109.2ms)


Started GET "/users" for 127.0.0.1 at 2018-08-10 21:09:24 -0500
Processing by UsersController#index as */*
  Parameters: {"user"=>{}}
  [1m[36mUser Load (1.0ms)[0m  [1m[34mSELECT "users".* FROM "users"[0m
[active_model_serializers] Rendered ActiveModel::Serializer::CollectionSerializer with ActiveModelSerializers::Adapter::Attributes (1.0ms)
Completed 200 OK in 13ms (Views: 11.4ms | ActiveRecord: 1.0ms)


Started GET "/users/1" for 127.0.0.1 at 2018-08-10 21:09:47 -0500
Processing by UsersController#show as */*
  Parameters: {"id"=>"1", "user"=>{}}
Filter chain halted as :authenticate_user rendered or redirected
Completed 401 Unauthorized in 0ms (ActiveRecord: 0.0ms)


Started POST "/users_token" for 127.0.0.1 at 2018-08-10 21:14:45 -0500
  
ActionController::RoutingError (No route matches [POST] "/users_token"):
  
actionpack (5.1.6) lib/action_dispatch/middleware/debug_exceptions.rb:63:in `call'
actionpack (5.1.6) lib/action_dispatch/middleware/show_exceptions.rb:31:in `call'
railties (5.1.6) lib/rails/rack/logger.rb:36:in `call_app'
railties (5.1.6) lib/rails/rack/logger.rb:24:in `block in call'
activesupport (5.1.6) lib/active_support/tagged_logging.rb:69:in `block in tagged'
activesupport (5.1.6) lib/active_support/tagged_logging.rb:26:in `tagged'
activesupport (5.1.6) lib/active_support/tagged_logging.rb:69:in `tagged'
railties (5.1.6) lib/rails/rack/logger.rb:24:in `call'
actionpack (5.1.6) lib/action_dispatch/middleware/remote_ip.rb:79:in `call'
actionpack (5.1.6) lib/action_dispatch/middleware/request_id.rb:25:in `call'
rack (2.0.5) lib/rack/runtime.rb:22:in `call'
activesupport (5.1.6) lib/active_support/cache/strategy/local_cache_middleware.rb:27:in `call'
actionpack (5.1.6) lib/action_dispatch/middleware/executor.rb:12:in `call'
actionpack (5.1.6) lib/action_dispatch/middleware/static.rb:125:in `call'
rack (2.0.5) lib/rack/sendfile.rb:111:in `call'
rack-cors (1.0.2) lib/rack/cors.rb:97:in `call'
railties (5.1.6) lib/rails/engine.rb:522:in `call'
puma (3.12.0) lib/puma/configuration.rb:225:in `call'
puma (3.12.0) lib/puma/server.rb:658:in `handle_request'
puma (3.12.0) lib/puma/server.rb:472:in `process_client'
puma (3.12.0) lib/puma/server.rb:332:in `block in run'
puma (3.12.0) lib/puma/thread_pool.rb:133:in `block in spawn_thread'
Started POST "/users_token" for 127.0.0.1 at 2018-08-10 21:16:04 -0500
  
ActionController::RoutingError (No route matches [POST] "/users_token"):
  
actionpack (5.1.6) lib/action_dispatch/middleware/debug_exceptions.rb:63:in `call'
actionpack (5.1.6) lib/action_dispatch/middleware/show_exceptions.rb:31:in `call'
railties (5.1.6) lib/rails/rack/logger.rb:36:in `call_app'
railties (5.1.6) lib/rails/rack/logger.rb:24:in `block in call'
activesupport (5.1.6) lib/active_support/tagged_logging.rb:69:in `block in tagged'
activesupport (5.1.6) lib/active_support/tagged_logging.rb:26:in `tagged'
activesupport (5.1.6) lib/active_support/tagged_logging.rb:69:in `tagged'
railties (5.1.6) lib/rails/rack/logger.rb:24:in `call'
actionpack (5.1.6) lib/action_dispatch/middleware/remote_ip.rb:79:in `call'
actionpack (5.1.6) lib/action_dispatch/middleware/request_id.rb:25:in `call'
rack (2.0.5) lib/rack/runtime.rb:22:in `call'
activesupport (5.1.6) lib/active_support/cache/strategy/local_cache_middleware.rb:27:in `call'
actionpack (5.1.6) lib/action_dispatch/middleware/executor.rb:12:in `call'
actionpack (5.1.6) lib/action_dispatch/middleware/static.rb:125:in `call'
rack (2.0.5) lib/rack/sendfile.rb:111:in `call'
rack-cors (1.0.2) lib/rack/cors.rb:97:in `call'
railties (5.1.6) lib/rails/engine.rb:522:in `call'
puma (3.12.0) lib/puma/configuration.rb:225:in `call'
puma (3.12.0) lib/puma/server.rb:658:in `handle_request'
puma (3.12.0) lib/puma/server.rb:472:in `process_client'
puma (3.12.0) lib/puma/server.rb:332:in `block in run'
puma (3.12.0) lib/puma/thread_pool.rb:133:in `block in spawn_thread'
Started POST "/user_token" for 127.0.0.1 at 2018-08-10 21:18:21 -0500
Processing by UserTokenController#create as */*
  Parameters: {"auth"=>{"email"=>"andycega07@gmail.com", "password"=>"[FILTERED]"}, "user_token"=>{"auth"=>{"email"=>"andycega07@gmail.com", "password"=>"[FILTERED]"}}}
  [1m[36mUser Load (0.0ms)[0m  [1m[34mSELECT  "users".* FROM "users" WHERE "users"."email" = ? LIMIT ?[0m  [["email", "andycega07@gmail.com"], ["LIMIT", 1]]
[active_model_serializers] Rendered ActiveModel::Serializer::Null with Knock::AuthToken (0.0ms)
Completed 201 Created in 207ms (Views: 9.2ms | ActiveRecord: 0.0ms)


Started POST "/users/1" for 127.0.0.1 at 2018-08-10 21:30:43 -0500
  
ActionController::RoutingError (No route matches [POST] "/users/1"):
  
actionpack (5.1.6) lib/action_dispatch/middleware/debug_exceptions.rb:63:in `call'
actionpack (5.1.6) lib/action_dispatch/middleware/show_exceptions.rb:31:in `call'
railties (5.1.6) lib/rails/rack/logger.rb:36:in `call_app'
railties (5.1.6) lib/rails/rack/logger.rb:24:in `block in call'
activesupport (5.1.6) lib/active_support/tagged_logging.rb:69:in `block in tagged'
activesupport (5.1.6) lib/active_support/tagged_logging.rb:26:in `tagged'
activesupport (5.1.6) lib/active_support/tagged_logging.rb:69:in `tagged'
railties (5.1.6) lib/rails/rack/logger.rb:24:in `call'
actionpack (5.1.6) lib/action_dispatch/middleware/remote_ip.rb:79:in `call'
actionpack (5.1.6) lib/action_dispatch/middleware/request_id.rb:25:in `call'
rack (2.0.5) lib/rack/runtime.rb:22:in `call'
activesupport (5.1.6) lib/active_support/cache/strategy/local_cache_middleware.rb:27:in `call'
actionpack (5.1.6) lib/action_dispatch/middleware/executor.rb:12:in `call'
actionpack (5.1.6) lib/action_dispatch/middleware/static.rb:125:in `call'
rack (2.0.5) lib/rack/sendfile.rb:111:in `call'
rack-cors (1.0.2) lib/rack/cors.rb:97:in `call'
railties (5.1.6) lib/rails/engine.rb:522:in `call'
puma (3.12.0) lib/puma/configuration.rb:225:in `call'
puma (3.12.0) lib/puma/server.rb:658:in `handle_request'
puma (3.12.0) lib/puma/server.rb:472:in `process_client'
puma (3.12.0) lib/puma/server.rb:332:in `block in run'
puma (3.12.0) lib/puma/thread_pool.rb:133:in `block in spawn_thread'
Started GET "/users/1" for 127.0.0.1 at 2018-08-10 21:30:49 -0500
Processing by UsersController#show as */*
  Parameters: {"id"=>"1", "user"=>{}}
Filter chain halted as :authenticate_user rendered or redirected
Completed 401 Unauthorized in 0ms (ActiveRecord: 0.0ms)


Started GET "/users/1" for 127.0.0.1 at 2018-08-10 21:31:13 -0500
Processing by UsersController#show as */*
  Parameters: {"id"=>"1", "user"=>{}}
Filter chain halted as :authenticate_user rendered or redirected
Completed 401 Unauthorized in 0ms (ActiveRecord: 0.0ms)


Started GET "/users/1" for 127.0.0.1 at 2018-08-10 21:32:43 -0500
Processing by UsersController#show as */*
  Parameters: {"id"=>"1", "user"=>{}}
Filter chain halted as :authenticate_user rendered or redirected
Completed 401 Unauthorized in 1ms (ActiveRecord: 0.0ms)


Started GET "/users/1" for 127.0.0.1 at 2018-08-10 21:32:49 -0500
Processing by UsersController#show as */*
  Parameters: {"id"=>"1", "user"=>{}}
Filter chain halted as :authenticate_user rendered or redirected
Completed 401 Unauthorized in 1ms (ActiveRecord: 0.0ms)


Started GET "/users/1" for 127.0.0.1 at 2018-08-10 21:33:34 -0500
Processing by UsersController#show as */*
  Parameters: {"id"=>"1"}
Filter chain halted as :authenticate_user rendered or redirected
Completed 401 Unauthorized in 0ms (ActiveRecord: 0.0ms)


Started GET "/users/1" for 127.0.0.1 at 2018-08-10 21:34:08 -0500
Processing by UsersController#show as */*
  Parameters: {"id"=>"1"}
Filter chain halted as :authenticate_user rendered or redirected
Completed 401 Unauthorized in 0ms (ActiveRecord: 0.0ms)


Started GET "/users/1" for 127.0.0.1 at 2018-08-10 21:34:31 -0500
Processing by UsersController#show as */*
  Parameters: {"id"=>"1"}
Filter chain halted as :authenticate_user rendered or redirected
Completed 401 Unauthorized in 0ms (ActiveRecord: 0.0ms)


Started GET "/users/1" for 127.0.0.1 at 2018-08-10 21:38:08 -0500
Processing by UsersController#show as */*
  Parameters: {"id"=>"1", "user"=>{}}
Filter chain halted as :authenticate_user rendered or redirected
Completed 401 Unauthorized in 1ms (ActiveRecord: 0.0ms)


Started GET "/users/1" for 127.0.0.1 at 2018-08-10 21:38:50 -0500
Processing by UsersController#show as */*
  Parameters: {"id"=>"1", "user"=>{}}
Filter chain halted as :authenticate_user rendered or redirected
Completed 401 Unauthorized in 0ms (ActiveRecord: 0.0ms)


Started POST "/users_token" for 127.0.0.1 at 2018-08-10 21:39:16 -0500
  
ActionController::RoutingError (No route matches [POST] "/users_token"):
  
actionpack (5.1.6) lib/action_dispatch/middleware/debug_exceptions.rb:63:in `call'
actionpack (5.1.6) lib/action_dispatch/middleware/show_exceptions.rb:31:in `call'
railties (5.1.6) lib/rails/rack/logger.rb:36:in `call_app'
railties (5.1.6) lib/rails/rack/logger.rb:24:in `block in call'
activesupport (5.1.6) lib/active_support/tagged_logging.rb:69:in `block in tagged'
activesupport (5.1.6) lib/active_support/tagged_logging.rb:26:in `tagged'
activesupport (5.1.6) lib/active_support/tagged_logging.rb:69:in `tagged'
railties (5.1.6) lib/rails/rack/logger.rb:24:in `call'
actionpack (5.1.6) lib/action_dispatch/middleware/remote_ip.rb:79:in `call'
actionpack (5.1.6) lib/action_dispatch/middleware/request_id.rb:25:in `call'
rack (2.0.5) lib/rack/runtime.rb:22:in `call'
activesupport (5.1.6) lib/active_support/cache/strategy/local_cache_middleware.rb:27:in `call'
actionpack (5.1.6) lib/action_dispatch/middleware/executor.rb:12:in `call'
actionpack (5.1.6) lib/action_dispatch/middleware/static.rb:125:in `call'
rack (2.0.5) lib/rack/sendfile.rb:111:in `call'
rack-cors (1.0.2) lib/rack/cors.rb:97:in `call'
railties (5.1.6) lib/rails/engine.rb:522:in `call'
puma (3.12.0) lib/puma/configuration.rb:225:in `call'
puma (3.12.0) lib/puma/server.rb:658:in `handle_request'
puma (3.12.0) lib/puma/server.rb:472:in `process_client'
puma (3.12.0) lib/puma/server.rb:332:in `block in run'
puma (3.12.0) lib/puma/thread_pool.rb:133:in `block in spawn_thread'
Started POST "/users_token" for 127.0.0.1 at 2018-08-10 21:40:05 -0500
  
ActionController::RoutingError (No route matches [POST] "/users_token"):
  
actionpack (5.1.6) lib/action_dispatch/middleware/debug_exceptions.rb:63:in `call'
actionpack (5.1.6) lib/action_dispatch/middleware/show_exceptions.rb:31:in `call'
railties (5.1.6) lib/rails/rack/logger.rb:36:in `call_app'
railties (5.1.6) lib/rails/rack/logger.rb:24:in `block in call'
activesupport (5.1.6) lib/active_support/tagged_logging.rb:69:in `block in tagged'
activesupport (5.1.6) lib/active_support/tagged_logging.rb:26:in `tagged'
activesupport (5.1.6) lib/active_support/tagged_logging.rb:69:in `tagged'
railties (5.1.6) lib/rails/rack/logger.rb:24:in `call'
actionpack (5.1.6) lib/action_dispatch/middleware/remote_ip.rb:79:in `call'
actionpack (5.1.6) lib/action_dispatch/middleware/request_id.rb:25:in `call'
rack (2.0.5) lib/rack/runtime.rb:22:in `call'
activesupport (5.1.6) lib/active_support/cache/strategy/local_cache_middleware.rb:27:in `call'
actionpack (5.1.6) lib/action_dispatch/middleware/executor.rb:12:in `call'
actionpack (5.1.6) lib/action_dispatch/middleware/static.rb:125:in `call'
rack (2.0.5) lib/rack/sendfile.rb:111:in `call'
rack-cors (1.0.2) lib/rack/cors.rb:97:in `call'
railties (5.1.6) lib/rails/engine.rb:522:in `call'
puma (3.12.0) lib/puma/configuration.rb:225:in `call'
puma (3.12.0) lib/puma/server.rb:658:in `handle_request'
puma (3.12.0) lib/puma/server.rb:472:in `process_client'
puma (3.12.0) lib/puma/server.rb:332:in `block in run'
puma (3.12.0) lib/puma/thread_pool.rb:133:in `block in spawn_thread'
Error occurred while parsing request parameters.
Contents:

{"auth":{"email":"andycega07@gmail.com","password":"12345678",}}
Started GET "/users_token" for 127.0.0.1 at 2018-08-10 21:40:16 -0500
  
ActionController::RoutingError (No route matches [GET] "/users_token"):
  
actionpack (5.1.6) lib/action_dispatch/middleware/debug_exceptions.rb:63:in `call'
actionpack (5.1.6) lib/action_dispatch/middleware/show_exceptions.rb:31:in `call'
railties (5.1.6) lib/rails/rack/logger.rb:36:in `call_app'
railties (5.1.6) lib/rails/rack/logger.rb:24:in `block in call'
activesupport (5.1.6) lib/active_support/tagged_logging.rb:69:in `block in tagged'
activesupport (5.1.6) lib/active_support/tagged_logging.rb:26:in `tagged'
activesupport (5.1.6) lib/active_support/tagged_logging.rb:69:in `tagged'
railties (5.1.6) lib/rails/rack/logger.rb:24:in `call'
actionpack (5.1.6) lib/action_dispatch/middleware/remote_ip.rb:79:in `call'
actionpack (5.1.6) lib/action_dispatch/middleware/request_id.rb:25:in `call'
rack (2.0.5) lib/rack/runtime.rb:22:in `call'
activesupport (5.1.6) lib/active_support/cache/strategy/local_cache_middleware.rb:27:in `call'
actionpack (5.1.6) lib/action_dispatch/middleware/executor.rb:12:in `call'
actionpack (5.1.6) lib/action_dispatch/middleware/static.rb:125:in `call'
rack (2.0.5) lib/rack/sendfile.rb:111:in `call'
rack-cors (1.0.2) lib/rack/cors.rb:97:in `call'
railties (5.1.6) lib/rails/engine.rb:522:in `call'
puma (3.12.0) lib/puma/configuration.rb:225:in `call'
puma (3.12.0) lib/puma/server.rb:658:in `handle_request'
puma (3.12.0) lib/puma/server.rb:472:in `process_client'
puma (3.12.0) lib/puma/server.rb:332:in `block in run'
puma (3.12.0) lib/puma/thread_pool.rb:133:in `block in spawn_thread'
  [1m[35m (1.0ms)[0m  [1m[34mSELECT "schema_migrations"."version" FROM "schema_migrations" ORDER BY "schema_migrations"."version" ASC[0m
Migrating to CreateArticulos (20180813233815)
  [1m[35m (0.0ms)[0m  [1m[36mbegin transaction[0m
  [1m[35m (0.0ms)[0m  [1m[34mSELECT sqlite_version(*)[0m
  [1m[35m (1.0ms)[0m  [1m[35mCREATE TABLE "articulos" ("id" INTEGER PRIMARY KEY AUTOINCREMENT NOT NULL, "titulo" varchar, "contenido" text, "user_id" integer, "created_at" datetime NOT NULL, "updated_at" datetime NOT NULL, CONSTRAINT "fk_rails_7a22fefae9"
FOREIGN KEY ("user_id")
  REFERENCES "users" ("id")
)[0m
  [1m[35m (0.0ms)[0m  [1m[35mCREATE  INDEX "index_articulos_on_user_id" ON "articulos" ("user_id")[0m
  [1m[35mSQL (0.0ms)[0m  [1m[32mINSERT INTO "schema_migrations" ("version") VALUES (?)[0m  [["version", "20180813233815"]]
  [1m[35m (269.0ms)[0m  [1m[36mcommit transaction[0m
  [1m[36mActiveRecord::InternalMetadata Load (1.0ms)[0m  [1m[34mSELECT  "ar_internal_metadata".* FROM "ar_internal_metadata" WHERE "ar_internal_metadata"."key" = ? LIMIT ?[0m  [["key", "environment"], ["LIMIT", 1]]
  [1m[35m (0.0ms)[0m  [1m[36mbegin transaction[0m
  [1m[35m (1.0ms)[0m  [1m[36mcommit transaction[0m
  [1m[35m (0.0ms)[0m  [1m[34mSELECT "schema_migrations"."version" FROM "schema_migrations" ORDER BY "schema_migrations"."version" ASC[0m
  [1m[35m (0.0ms)[0m  [1m[34m            SELECT sql
            FROM sqlite_master
            WHERE name='index_articulos_on_user_id' AND type='index'
            UNION ALL
            SELECT sql
            FROM sqlite_temp_master
            WHERE name='index_articulos_on_user_id' AND type='index'
[0m
Started GET "/posts" for 127.0.0.1 at 2018-08-13 18:40:48 -0500
  [1m[35m (0.0ms)[0m  [1m[34mSELECT "schema_migrations"."version" FROM "schema_migrations" ORDER BY "schema_migrations"."version" ASC[0m
  
ActionController::RoutingError (No route matches [GET] "/posts"):
  
actionpack (5.1.6) lib/action_dispatch/middleware/debug_exceptions.rb:63:in `call'
actionpack (5.1.6) lib/action_dispatch/middleware/show_exceptions.rb:31:in `call'
railties (5.1.6) lib/rails/rack/logger.rb:36:in `call_app'
railties (5.1.6) lib/rails/rack/logger.rb:24:in `block in call'
activesupport (5.1.6) lib/active_support/tagged_logging.rb:69:in `block in tagged'
activesupport (5.1.6) lib/active_support/tagged_logging.rb:26:in `tagged'
activesupport (5.1.6) lib/active_support/tagged_logging.rb:69:in `tagged'
railties (5.1.6) lib/rails/rack/logger.rb:24:in `call'
actionpack (5.1.6) lib/action_dispatch/middleware/remote_ip.rb:79:in `call'
actionpack (5.1.6) lib/action_dispatch/middleware/request_id.rb:25:in `call'
rack (2.0.5) lib/rack/runtime.rb:22:in `call'
activesupport (5.1.6) lib/active_support/cache/strategy/local_cache_middleware.rb:27:in `call'
actionpack (5.1.6) lib/action_dispatch/middleware/executor.rb:12:in `call'
actionpack (5.1.6) lib/action_dispatch/middleware/static.rb:125:in `call'
rack (2.0.5) lib/rack/sendfile.rb:111:in `call'
rack-cors (1.0.2) lib/rack/cors.rb:97:in `call'
railties (5.1.6) lib/rails/engine.rb:522:in `call'
puma (3.12.0) lib/puma/configuration.rb:225:in `call'
puma (3.12.0) lib/puma/server.rb:658:in `handle_request'
puma (3.12.0) lib/puma/server.rb:472:in `process_client'
puma (3.12.0) lib/puma/server.rb:332:in `block in run'
puma (3.12.0) lib/puma/thread_pool.rb:133:in `block in spawn_thread'
Started GET "/" for 127.0.0.1 at 2018-08-13 18:40:51 -0500
Processing by Rails::WelcomeController#index as HTML
  Rendering C:/RailsInstaller/Ruby2.3.3/lib/ruby/gems/2.3.0/gems/railties-5.1.6/lib/rails/templates/rails/welcome/index.html.erb
  Rendered C:/RailsInstaller/Ruby2.3.3/lib/ruby/gems/2.3.0/gems/railties-5.1.6/lib/rails/templates/rails/welcome/index.html.erb (5.0ms)
Completed 200 OK in 92ms (Views: 32.7ms | ActiveRecord: 0.0ms)


Started GET "/favicon.ico" for 127.0.0.1 at 2018-08-13 18:40:52 -0500
  
ActionController::RoutingError (No route matches [GET] "/favicon.ico"):
  
actionpack (5.1.6) lib/action_dispatch/middleware/debug_exceptions.rb:63:in `call'
actionpack (5.1.6) lib/action_dispatch/middleware/show_exceptions.rb:31:in `call'
railties (5.1.6) lib/rails/rack/logger.rb:36:in `call_app'
railties (5.1.6) lib/rails/rack/logger.rb:24:in `block in call'
activesupport (5.1.6) lib/active_support/tagged_logging.rb:69:in `block in tagged'
activesupport (5.1.6) lib/active_support/tagged_logging.rb:26:in `tagged'
activesupport (5.1.6) lib/active_support/tagged_logging.rb:69:in `tagged'
railties (5.1.6) lib/rails/rack/logger.rb:24:in `call'
actionpack (5.1.6) lib/action_dispatch/middleware/remote_ip.rb:79:in `call'
actionpack (5.1.6) lib/action_dispatch/middleware/request_id.rb:25:in `call'
rack (2.0.5) lib/rack/runtime.rb:22:in `call'
activesupport (5.1.6) lib/active_support/cache/strategy/local_cache_middleware.rb:27:in `call'
actionpack (5.1.6) lib/action_dispatch/middleware/executor.rb:12:in `call'
actionpack (5.1.6) lib/action_dispatch/middleware/static.rb:125:in `call'
rack (2.0.5) lib/rack/sendfile.rb:111:in `call'
rack-cors (1.0.2) lib/rack/cors.rb:97:in `call'
railties (5.1.6) lib/rails/engine.rb:522:in `call'
puma (3.12.0) lib/puma/configuration.rb:225:in `call'
puma (3.12.0) lib/puma/server.rb:658:in `handle_request'
puma (3.12.0) lib/puma/server.rb:472:in `process_client'
puma (3.12.0) lib/puma/server.rb:332:in `block in run'
puma (3.12.0) lib/puma/thread_pool.rb:133:in `block in spawn_thread'
Started POST "/articulos/" for 127.0.0.1 at 2018-08-13 18:43:35 -0500
Processing by ArticulosController#create as */*
Completed 400 Bad Request in 47ms (ActiveRecord: 0.0ms)


  
ActionController::ParameterMissing (param is missing or the value is empty: articulo):
  
app/controllers/articulos_controller.rb:49:in `articulo_params'
app/controllers/articulos_controller.rb:18:in `create'
Started GET "/" for 127.0.0.1 at 2018-08-13 18:44:51 -0500
Processing by Rails::WelcomeController#index as HTML
  Rendering C:/RailsInstaller/Ruby2.3.3/lib/ruby/gems/2.3.0/gems/railties-5.1.6/lib/rails/templates/rails/welcome/index.html.erb
  Rendered C:/RailsInstaller/Ruby2.3.3/lib/ruby/gems/2.3.0/gems/railties-5.1.6/lib/rails/templates/rails/welcome/index.html.erb (6.0ms)
Completed 200 OK in 69ms (Views: 38.6ms | ActiveRecord: 0.0ms)


Started POST "/articulos/" for 127.0.0.1 at 2018-08-13 18:49:53 -0500
Processing by ArticulosController#create as */*
Completed 400 Bad Request in 0ms (ActiveRecord: 0.0ms)


  
ActionController::ParameterMissing (param is missing or the value is empty: articulo):
  
app/controllers/articulos_controller.rb:49:in `articulo_params'
app/controllers/articulos_controller.rb:18:in `create'
Started POST "/articulos/" for 127.0.0.1 at 2018-08-13 18:51:20 -0500
  [1m[35m (0.0ms)[0m  [1m[34mSELECT "schema_migrations"."version" FROM "schema_migrations" ORDER BY "schema_migrations"."version" ASC[0m
Processing by ArticulosController#create as */*
  Parameters: {"articulo"=>{"titulo"=>"TITULO!!!!!!!!1", "contenido"=>"papaya lo mejorsito9", "user_id"=>"1"}}
  [1m[35m (0.0ms)[0m  [1m[36mbegin transaction[0m
  [1m[36mUser Load (0.0ms)[0m  [1m[34mSELECT  "users".* FROM "users" WHERE "users"."id" = ? LIMIT ?[0m  [["id", 1], ["LIMIT", 1]]
  [1m[35mSQL (0.0ms)[0m  [1m[32mINSERT INTO "articulos" ("titulo", "contenido", "user_id", "created_at", "updated_at") VALUES (?, ?, ?, ?, ?)[0m  [["titulo", "TITULO!!!!!!!!1"], ["contenido", "papaya lo mejorsito9"], ["user_id", 1], ["created_at", "2018-08-13 23:51:21.477185"], ["updated_at", "2018-08-13 23:51:21.477185"]]
  [1m[35m (204.8ms)[0m  [1m[36mcommit transaction[0m
[active_model_serializers] Rendered ArticuloSerializer with ActiveModelSerializers::Adapter::Attributes (31.2ms)
Completed 201 Created in 647ms (Views: 238.8ms | ActiveRecord: 204.8ms)


Started POST "/articulos/" for 127.0.0.1 at 2018-08-13 18:57:23 -0500
Processing by ArticulosController#create as */*
  Parameters: {"articulo"=>{"titulo"=>"TITULO!!!!!!!!1", "contenido"=>"papaya lo mejorsito9", "user_id"=>"1"}}
Filter chain halted as :authenticate_user rendered or redirected
Completed 401 Unauthorized in 0ms


Started POST "/user_token" for 127.0.0.1 at 2018-08-13 18:58:04 -0500
Processing by UserTokenController#create as */*
  Parameters: {"articulo"=>{"titulo"=>"TITULO!!!!!!!!1", "contenido"=>"papaya lo mejorsito9", "user_id"=>"1"}, "user_token"=>{"articulo"=>{"titulo"=>"TITULO!!!!!!!!1", "contenido"=>"papaya lo mejorsito9", "user_id"=>"1"}}}
Completed 400 Bad Request in 0ms


  
ActionController::ParameterMissing (param is missing or the value is empty: auth):
  
actionpack (5.1.6) lib/action_controller/metal/strong_parameters.rb:437:in `require'
knock (2.1.1) app/controllers/knock/auth_token_controller.rb:44:in `auth_params'
knock (2.1.1) app/controllers/knock/auth_token_controller.rb:31:in `entity'
knock (2.1.1) app/controllers/knock/auth_token_controller.rb:13:in `authenticate'
activesupport (5.1.6) lib/active_support/callbacks.rb:413:in `block in make_lambda'
activesupport (5.1.6) lib/active_support/callbacks.rb:197:in `block (2 levels) in halting'
actionpack (5.1.6) lib/abstract_controller/callbacks.rb:12:in `block (2 levels) in <module:Callbacks>'
activesupport (5.1.6) lib/active_support/callbacks.rb:198:in `block in halting'
activesupport (5.1.6) lib/active_support/callbacks.rb:507:in `block in invoke_before'
activesupport (5.1.6) lib/active_support/callbacks.rb:507:in `each'
activesupport (5.1.6) lib/active_support/callbacks.rb:507:in `invoke_before'
activesupport (5.1.6) lib/active_support/callbacks.rb:130:in `run_callbacks'
actionpack (5.1.6) lib/abstract_controller/callbacks.rb:19:in `process_action'
actionpack (5.1.6) lib/action_controller/metal/rescue.rb:20:in `process_action'
actionpack (5.1.6) lib/action_controller/metal/instrumentation.rb:32:in `block in process_action'
activesupport (5.1.6) lib/active_support/notifications.rb:166:in `block in instrument'
activesupport (5.1.6) lib/active_support/notifications/instrumenter.rb:21:in `instrument'
activesupport (5.1.6) lib/active_support/notifications.rb:166:in `instrument'
actionpack (5.1.6) lib/action_controller/metal/instrumentation.rb:30:in `process_action'
actionpack (5.1.6) lib/action_controller/metal/params_wrapper.rb:252:in `process_action'
activerecord (5.1.6) lib/active_record/railties/controller_runtime.rb:22:in `process_action'
actionpack (5.1.6) lib/abstract_controller/base.rb:124:in `process'
actionview (5.1.6) lib/action_view/rendering.rb:30:in `process'
actionpack (5.1.6) lib/action_controller/metal.rb:189:in `dispatch'
actionpack (5.1.6) lib/action_controller/metal.rb:253:in `dispatch'
actionpack (5.1.6) lib/action_dispatch/routing/route_set.rb:49:in `dispatch'
actionpack (5.1.6) lib/action_dispatch/routing/route_set.rb:31:in `serve'
actionpack (5.1.6) lib/action_dispatch/journey/router.rb:50:in `block in serve'
actionpack (5.1.6) lib/action_dispatch/journey/router.rb:33:in `each'
actionpack (5.1.6) lib/action_dispatch/journey/router.rb:33:in `serve'
actionpack (5.1.6) lib/action_dispatch/routing/route_set.rb:844:in `call'
rack (2.0.5) lib/rack/etag.rb:25:in `call'
rack (2.0.5) lib/rack/conditional_get.rb:38:in `call'
rack (2.0.5) lib/rack/head.rb:12:in `call'
activerecord (5.1.6) lib/active_record/migration.rb:556:in `call'
actionpack (5.1.6) lib/action_dispatch/middleware/callbacks.rb:26:in `block in call'
activesupport (5.1.6) lib/active_support/callbacks.rb:97:in `run_callbacks'
actionpack (5.1.6) lib/action_dispatch/middleware/callbacks.rb:24:in `call'
actionpack (5.1.6) lib/action_dispatch/middleware/executor.rb:12:in `call'
actionpack (5.1.6) lib/action_dispatch/middleware/debug_exceptions.rb:59:in `call'
actionpack (5.1.6) lib/action_dispatch/middleware/show_exceptions.rb:31:in `call'
railties (5.1.6) lib/rails/rack/logger.rb:36:in `call_app'
railties (5.1.6) lib/rails/rack/logger.rb:24:in `block in call'
activesupport (5.1.6) lib/active_support/tagged_logging.rb:69:in `block in tagged'
activesupport (5.1.6) lib/active_support/tagged_logging.rb:26:in `tagged'
activesupport (5.1.6) lib/active_support/tagged_logging.rb:69:in `tagged'
railties (5.1.6) lib/rails/rack/logger.rb:24:in `call'
actionpack (5.1.6) lib/action_dispatch/middleware/remote_ip.rb:79:in `call'
actionpack (5.1.6) lib/action_dispatch/middleware/request_id.rb:25:in `call'
rack (2.0.5) lib/rack/runtime.rb:22:in `call'
activesupport (5.1.6) lib/active_support/cache/strategy/local_cache_middleware.rb:27:in `call'
actionpack (5.1.6) lib/action_dispatch/middleware/executor.rb:12:in `call'
actionpack (5.1.6) lib/action_dispatch/middleware/static.rb:125:in `call'
rack (2.0.5) lib/rack/sendfile.rb:111:in `call'
rack-cors (1.0.2) lib/rack/cors.rb:97:in `call'
railties (5.1.6) lib/rails/engine.rb:522:in `call'
puma (3.12.0) lib/puma/configuration.rb:225:in `call'
puma (3.12.0) lib/puma/server.rb:658:in `handle_request'
puma (3.12.0) lib/puma/server.rb:472:in `process_client'
puma (3.12.0) lib/puma/server.rb:332:in `block in run'
puma (3.12.0) lib/puma/thread_pool.rb:133:in `block in spawn_thread'
Started POST "/user" for 127.0.0.1 at 2018-08-13 18:58:14 -0500
  
ActionController::RoutingError (No route matches [POST] "/user"):
  
actionpack (5.1.6) lib/action_dispatch/middleware/debug_exceptions.rb:63:in `call'
actionpack (5.1.6) lib/action_dispatch/middleware/show_exceptions.rb:31:in `call'
railties (5.1.6) lib/rails/rack/logger.rb:36:in `call_app'
railties (5.1.6) lib/rails/rack/logger.rb:24:in `block in call'
activesupport (5.1.6) lib/active_support/tagged_logging.rb:69:in `block in tagged'
activesupport (5.1.6) lib/active_support/tagged_logging.rb:26:in `tagged'
activesupport (5.1.6) lib/active_support/tagged_logging.rb:69:in `tagged'
railties (5.1.6) lib/rails/rack/logger.rb:24:in `call'
actionpack (5.1.6) lib/action_dispatch/middleware/remote_ip.rb:79:in `call'
actionpack (5.1.6) lib/action_dispatch/middleware/request_id.rb:25:in `call'
rack (2.0.5) lib/rack/runtime.rb:22:in `call'
activesupport (5.1.6) lib/active_support/cache/strategy/local_cache_middleware.rb:27:in `call'
actionpack (5.1.6) lib/action_dispatch/middleware/executor.rb:12:in `call'
actionpack (5.1.6) lib/action_dispatch/middleware/static.rb:125:in `call'
rack (2.0.5) lib/rack/sendfile.rb:111:in `call'
rack-cors (1.0.2) lib/rack/cors.rb:97:in `call'
railties (5.1.6) lib/rails/engine.rb:522:in `call'
puma (3.12.0) lib/puma/configuration.rb:225:in `call'
puma (3.12.0) lib/puma/server.rb:658:in `handle_request'
puma (3.12.0) lib/puma/server.rb:472:in `process_client'
puma (3.12.0) lib/puma/server.rb:332:in `block in run'
puma (3.12.0) lib/puma/thread_pool.rb:133:in `block in spawn_thread'
Started POST "/user_token" for 127.0.0.1 at 2018-08-13 18:58:56 -0500
Processing by UserTokenController#create as */*
  Parameters: {"articulo"=>{"titulo"=>"TITULO!!!!!!!!1", "contenido"=>"papaya lo mejorsito9", "user_id"=>"1"}, "user_token"=>{"articulo"=>{"titulo"=>"TITULO!!!!!!!!1", "contenido"=>"papaya lo mejorsito9", "user_id"=>"1"}}}
Completed 400 Bad Request in 0ms


  
ActionController::ParameterMissing (param is missing or the value is empty: auth):
  
actionpack (5.1.6) lib/action_controller/metal/strong_parameters.rb:437:in `require'
knock (2.1.1) app/controllers/knock/auth_token_controller.rb:44:in `auth_params'
knock (2.1.1) app/controllers/knock/auth_token_controller.rb:31:in `entity'
knock (2.1.1) app/controllers/knock/auth_token_controller.rb:13:in `authenticate'
activesupport (5.1.6) lib/active_support/callbacks.rb:413:in `block in make_lambda'
activesupport (5.1.6) lib/active_support/callbacks.rb:197:in `block (2 levels) in halting'
actionpack (5.1.6) lib/abstract_controller/callbacks.rb:12:in `block (2 levels) in <module:Callbacks>'
activesupport (5.1.6) lib/active_support/callbacks.rb:198:in `block in halting'
activesupport (5.1.6) lib/active_support/callbacks.rb:507:in `block in invoke_before'
activesupport (5.1.6) lib/active_support/callbacks.rb:507:in `each'
activesupport (5.1.6) lib/active_support/callbacks.rb:507:in `invoke_before'
activesupport (5.1.6) lib/active_support/callbacks.rb:130:in `run_callbacks'
actionpack (5.1.6) lib/abstract_controller/callbacks.rb:19:in `process_action'
actionpack (5.1.6) lib/action_controller/metal/rescue.rb:20:in `process_action'
actionpack (5.1.6) lib/action_controller/metal/instrumentation.rb:32:in `block in process_action'
activesupport (5.1.6) lib/active_support/notifications.rb:166:in `block in instrument'
activesupport (5.1.6) lib/active_support/notifications/instrumenter.rb:21:in `instrument'
activesupport (5.1.6) lib/active_support/notifications.rb:166:in `instrument'
actionpack (5.1.6) lib/action_controller/metal/instrumentation.rb:30:in `process_action'
actionpack (5.1.6) lib/action_controller/metal/params_wrapper.rb:252:in `process_action'
activerecord (5.1.6) lib/active_record/railties/controller_runtime.rb:22:in `process_action'
actionpack (5.1.6) lib/abstract_controller/base.rb:124:in `process'
actionview (5.1.6) lib/action_view/rendering.rb:30:in `process'
actionpack (5.1.6) lib/action_controller/metal.rb:189:in `dispatch'
actionpack (5.1.6) lib/action_controller/metal.rb:253:in `dispatch'
actionpack (5.1.6) lib/action_dispatch/routing/route_set.rb:49:in `dispatch'
actionpack (5.1.6) lib/action_dispatch/routing/route_set.rb:31:in `serve'
actionpack (5.1.6) lib/action_dispatch/journey/router.rb:50:in `block in serve'
actionpack (5.1.6) lib/action_dispatch/journey/router.rb:33:in `each'
actionpack (5.1.6) lib/action_dispatch/journey/router.rb:33:in `serve'
actionpack (5.1.6) lib/action_dispatch/routing/route_set.rb:844:in `call'
rack (2.0.5) lib/rack/etag.rb:25:in `call'
rack (2.0.5) lib/rack/conditional_get.rb:38:in `call'
rack (2.0.5) lib/rack/head.rb:12:in `call'
activerecord (5.1.6) lib/active_record/migration.rb:556:in `call'
actionpack (5.1.6) lib/action_dispatch/middleware/callbacks.rb:26:in `block in call'
activesupport (5.1.6) lib/active_support/callbacks.rb:97:in `run_callbacks'
actionpack (5.1.6) lib/action_dispatch/middleware/callbacks.rb:24:in `call'
actionpack (5.1.6) lib/action_dispatch/middleware/executor.rb:12:in `call'
actionpack (5.1.6) lib/action_dispatch/middleware/debug_exceptions.rb:59:in `call'
actionpack (5.1.6) lib/action_dispatch/middleware/show_exceptions.rb:31:in `call'
railties (5.1.6) lib/rails/rack/logger.rb:36:in `call_app'
railties (5.1.6) lib/rails/rack/logger.rb:24:in `block in call'
activesupport (5.1.6) lib/active_support/tagged_logging.rb:69:in `block in tagged'
activesupport (5.1.6) lib/active_support/tagged_logging.rb:26:in `tagged'
activesupport (5.1.6) lib/active_support/tagged_logging.rb:69:in `tagged'
railties (5.1.6) lib/rails/rack/logger.rb:24:in `call'
actionpack (5.1.6) lib/action_dispatch/middleware/remote_ip.rb:79:in `call'
actionpack (5.1.6) lib/action_dispatch/middleware/request_id.rb:25:in `call'
rack (2.0.5) lib/rack/runtime.rb:22:in `call'
activesupport (5.1.6) lib/active_support/cache/strategy/local_cache_middleware.rb:27:in `call'
actionpack (5.1.6) lib/action_dispatch/middleware/executor.rb:12:in `call'
actionpack (5.1.6) lib/action_dispatch/middleware/static.rb:125:in `call'
rack (2.0.5) lib/rack/sendfile.rb:111:in `call'
rack-cors (1.0.2) lib/rack/cors.rb:97:in `call'
railties (5.1.6) lib/rails/engine.rb:522:in `call'
puma (3.12.0) lib/puma/configuration.rb:225:in `call'
puma (3.12.0) lib/puma/server.rb:658:in `handle_request'
puma (3.12.0) lib/puma/server.rb:472:in `process_client'
puma (3.12.0) lib/puma/server.rb:332:in `block in run'
puma (3.12.0) lib/puma/thread_pool.rb:133:in `block in spawn_thread'
Started POST "/user_token" for 127.0.0.1 at 2018-08-13 18:59:12 -0500
Processing by UserTokenController#create as */*
  Parameters: {"articulo"=>{"titulo"=>"TITULO!!!!!!!!1", "contenido"=>"papaya lo mejorsito9", "user_id"=>"1"}, "user_token"=>{"articulo"=>{"titulo"=>"TITULO!!!!!!!!1", "contenido"=>"papaya lo mejorsito9", "user_id"=>"1"}}}
Completed 400 Bad Request in 16ms


  
ActionController::ParameterMissing (param is missing or the value is empty: auth):
  
actionpack (5.1.6) lib/action_controller/metal/strong_parameters.rb:437:in `require'
knock (2.1.1) app/controllers/knock/auth_token_controller.rb:44:in `auth_params'
knock (2.1.1) app/controllers/knock/auth_token_controller.rb:31:in `entity'
knock (2.1.1) app/controllers/knock/auth_token_controller.rb:13:in `authenticate'
activesupport (5.1.6) lib/active_support/callbacks.rb:413:in `block in make_lambda'
activesupport (5.1.6) lib/active_support/callbacks.rb:197:in `block (2 levels) in halting'
actionpack (5.1.6) lib/abstract_controller/callbacks.rb:12:in `block (2 levels) in <module:Callbacks>'
activesupport (5.1.6) lib/active_support/callbacks.rb:198:in `block in halting'
activesupport (5.1.6) lib/active_support/callbacks.rb:507:in `block in invoke_before'
activesupport (5.1.6) lib/active_support/callbacks.rb:507:in `each'
activesupport (5.1.6) lib/active_support/callbacks.rb:507:in `invoke_before'
activesupport (5.1.6) lib/active_support/callbacks.rb:130:in `run_callbacks'
actionpack (5.1.6) lib/abstract_controller/callbacks.rb:19:in `process_action'
actionpack (5.1.6) lib/action_controller/metal/rescue.rb:20:in `process_action'
actionpack (5.1.6) lib/action_controller/metal/instrumentation.rb:32:in `block in process_action'
activesupport (5.1.6) lib/active_support/notifications.rb:166:in `block in instrument'
activesupport (5.1.6) lib/active_support/notifications/instrumenter.rb:21:in `instrument'
activesupport (5.1.6) lib/active_support/notifications.rb:166:in `instrument'
actionpack (5.1.6) lib/action_controller/metal/instrumentation.rb:30:in `process_action'
actionpack (5.1.6) lib/action_controller/metal/params_wrapper.rb:252:in `process_action'
activerecord (5.1.6) lib/active_record/railties/controller_runtime.rb:22:in `process_action'
actionpack (5.1.6) lib/abstract_controller/base.rb:124:in `process'
actionview (5.1.6) lib/action_view/rendering.rb:30:in `process'
actionpack (5.1.6) lib/action_controller/metal.rb:189:in `dispatch'
actionpack (5.1.6) lib/action_controller/metal.rb:253:in `dispatch'
actionpack (5.1.6) lib/action_dispatch/routing/route_set.rb:49:in `dispatch'
actionpack (5.1.6) lib/action_dispatch/routing/route_set.rb:31:in `serve'
actionpack (5.1.6) lib/action_dispatch/journey/router.rb:50:in `block in serve'
actionpack (5.1.6) lib/action_dispatch/journey/router.rb:33:in `each'
actionpack (5.1.6) lib/action_dispatch/journey/router.rb:33:in `serve'
actionpack (5.1.6) lib/action_dispatch/routing/route_set.rb:844:in `call'
rack (2.0.5) lib/rack/etag.rb:25:in `call'
rack (2.0.5) lib/rack/conditional_get.rb:38:in `call'
rack (2.0.5) lib/rack/head.rb:12:in `call'
activerecord (5.1.6) lib/active_record/migration.rb:556:in `call'
actionpack (5.1.6) lib/action_dispatch/middleware/callbacks.rb:26:in `block in call'
activesupport (5.1.6) lib/active_support/callbacks.rb:97:in `run_callbacks'
actionpack (5.1.6) lib/action_dispatch/middleware/callbacks.rb:24:in `call'
actionpack (5.1.6) lib/action_dispatch/middleware/executor.rb:12:in `call'
actionpack (5.1.6) lib/action_dispatch/middleware/debug_exceptions.rb:59:in `call'
actionpack (5.1.6) lib/action_dispatch/middleware/show_exceptions.rb:31:in `call'
railties (5.1.6) lib/rails/rack/logger.rb:36:in `call_app'
railties (5.1.6) lib/rails/rack/logger.rb:24:in `block in call'
activesupport (5.1.6) lib/active_support/tagged_logging.rb:69:in `block in tagged'
activesupport (5.1.6) lib/active_support/tagged_logging.rb:26:in `tagged'
activesupport (5.1.6) lib/active_support/tagged_logging.rb:69:in `tagged'
railties (5.1.6) lib/rails/rack/logger.rb:24:in `call'
actionpack (5.1.6) lib/action_dispatch/middleware/remote_ip.rb:79:in `call'
actionpack (5.1.6) lib/action_dispatch/middleware/request_id.rb:25:in `call'
rack (2.0.5) lib/rack/runtime.rb:22:in `call'
activesupport (5.1.6) lib/active_support/cache/strategy/local_cache_middleware.rb:27:in `call'
actionpack (5.1.6) lib/action_dispatch/middleware/executor.rb:12:in `call'
actionpack (5.1.6) lib/action_dispatch/middleware/static.rb:125:in `call'
rack (2.0.5) lib/rack/sendfile.rb:111:in `call'
rack-cors (1.0.2) lib/rack/cors.rb:97:in `call'
railties (5.1.6) lib/rails/engine.rb:522:in `call'
puma (3.12.0) lib/puma/configuration.rb:225:in `call'
puma (3.12.0) lib/puma/server.rb:658:in `handle_request'
puma (3.12.0) lib/puma/server.rb:472:in `process_client'
puma (3.12.0) lib/puma/server.rb:332:in `block in run'
puma (3.12.0) lib/puma/thread_pool.rb:133:in `block in spawn_thread'
Started POST "/user_token" for 127.0.0.1 at 2018-08-13 19:00:28 -0500
Processing by UserTokenController#create as */*
  Parameters: {"auth"=>{"email"=>"andycega07@gmail.com", "password"=>"[FILTERED]"}, "user_token"=>{"auth"=>{"email"=>"andycega07@gmail.com", "password"=>"[FILTERED]"}}}
  [1m[36mUser Load (0.0ms)[0m  [1m[34mSELECT  "users".* FROM "users" WHERE "users"."email" = ? LIMIT ?[0m  [["email", "andycega07@gmail.com"], ["LIMIT", 1]]
Completed 404 Not Found in 79ms (ActiveRecord: 0.0ms)


Started POST "/user_token" for 127.0.0.1 at 2018-08-13 19:00:46 -0500
Processing by UserTokenController#create as */*
  Parameters: {"auth"=>{"email"=>"andycega07@gmail.com", "password"=>"[FILTERED]"}, "user_token"=>{"auth"=>{"email"=>"andycega07@gmail.com", "password"=>"[FILTERED]"}}}
  [1m[36mUser Load (0.0ms)[0m  [1m[34mSELECT  "users".* FROM "users" WHERE "users"."email" = ? LIMIT ?[0m  [["email", "andycega07@gmail.com"], ["LIMIT", 1]]
[active_model_serializers] Rendered ActiveModel::Serializer::Null with Knock::AuthToken (0.0ms)
Completed 201 Created in 156ms (Views: 12.2ms | ActiveRecord: 0.0ms)


Started POST "/articulos/" for 127.0.0.1 at 2018-08-13 19:02:28 -0500
Processing by ArticulosController#create as */*
  Parameters: {"articulo"=>{"titulo"=>"TITULO!!!!!!!!2", "contenido"=>"ppppp ppap", "user_id"=>"1"}}
  [1m[36mUser Load (0.0ms)[0m  [1m[34mSELECT  "users".* FROM "users" WHERE "users"."id" = ? LIMIT ?[0m  [["id", 1], ["LIMIT", 1]]
  [1m[35m (0.0ms)[0m  [1m[36mbegin transaction[0m
  [1m[36mCACHE User Load (0.0ms)[0m  [1m[34mSELECT  "users".* FROM "users" WHERE "users"."id" = ? LIMIT ?[0m  [["id", 1], ["LIMIT", 1]]
  [1m[35mSQL (0.0ms)[0m  [1m[32mINSERT INTO "articulos" ("titulo", "contenido", "user_id", "created_at", "updated_at") VALUES (?, ?, ?, ?, ?)[0m  [["titulo", "TITULO!!!!!!!!2"], ["contenido", "ppppp ppap"], ["user_id", 1], ["created_at", "2018-08-14 00:02:28.792675"], ["updated_at", "2018-08-14 00:02:28.792675"]]
  [1m[35m (137.6ms)[0m  [1m[36mcommit transaction[0m
[active_model_serializers] Rendered ArticuloSerializer with ActiveModelSerializers::Adapter::Attributes (15.6ms)
Completed 201 Created in 169ms (Views: 15.1ms | ActiveRecord: 137.6ms)


Started GET "/articulos" for 127.0.0.1 at 2018-08-13 19:05:45 -0500
Processing by ArticulosController#index as */*
Filter chain halted as :authenticate_user rendered or redirected
Completed 401 Unauthorized in 0ms (ActiveRecord: 0.0ms)


Started GET "/articulos/" for 127.0.0.1 at 2018-08-13 19:05:51 -0500
Processing by ArticulosController#index as */*
Filter chain halted as :authenticate_user rendered or redirected
Completed 401 Unauthorized in 0ms (ActiveRecord: 0.0ms)


Started GET "/articulos/" for 127.0.0.1 at 2018-08-13 19:06:16 -0500
Processing by ArticulosController#index as */*
  [1m[36mUser Load (0.0ms)[0m  [1m[34mSELECT  "users".* FROM "users" WHERE "users"."id" = ? LIMIT ?[0m  [["id", 1], ["LIMIT", 1]]
  [1m[36mArticulo Load (0.0ms)[0m  [1m[34mSELECT "articulos".* FROM "articulos"[0m
[active_model_serializers]   [1m[36mCACHE User Load (0.0ms)[0m  [1m[34mSELECT  "users".* FROM "users" WHERE "users"."id" = ? LIMIT ?[0m  [["id", 1], ["LIMIT", 1]]
[active_model_serializers]   [1m[36mCACHE User Load (0.0ms)[0m  [1m[34mSELECT  "users".* FROM "users" WHERE "users"."id" = ? LIMIT ?[0m  [["id", 1], ["LIMIT", 1]]
[active_model_serializers] Rendered ActiveModel::Serializer::CollectionSerializer with ActiveModelSerializers::Adapter::Attributes (0.0ms)
Completed 200 OK in 16ms (Views: 5.4ms | ActiveRecord: 0.0ms)


Started GET "/articulos/2" for 127.0.0.1 at 2018-08-13 19:09:13 -0500
Processing by ArticulosController#show as */*
  Parameters: {"id"=>"2"}
  [1m[36mArticulo Load (0.0ms)[0m  [1m[34mSELECT  "articulos".* FROM "articulos" WHERE "articulos"."id" = ? LIMIT ?[0m  [["id", 2], ["LIMIT", 1]]
  [1m[36mUser Load (0.0ms)[0m  [1m[34mSELECT  "users".* FROM "users" WHERE "users"."id" = ? LIMIT ?[0m  [["id", 1], ["LIMIT", 1]]
[active_model_serializers]   [1m[36mCACHE User Load (0.0ms)[0m  [1m[34mSELECT  "users".* FROM "users" WHERE "users"."id" = ? LIMIT ?[0m  [["id", 1], ["LIMIT", 1]]
[active_model_serializers] Rendered ArticuloSerializer with ActiveModelSerializers::Adapter::Attributes (0.0ms)
Completed 200 OK in 0ms (Views: 2.7ms | ActiveRecord: 0.0ms)


Started GET "/articulos/1" for 127.0.0.1 at 2018-08-13 19:09:17 -0500
Processing by ArticulosController#show as */*
  Parameters: {"id"=>"1"}
  [1m[36mArticulo Load (0.0ms)[0m  [1m[34mSELECT  "articulos".* FROM "articulos" WHERE "articulos"."id" = ? LIMIT ?[0m  [["id", 1], ["LIMIT", 1]]
  [1m[36mUser Load (0.0ms)[0m  [1m[34mSELECT  "users".* FROM "users" WHERE "users"."id" = ? LIMIT ?[0m  [["id", 1], ["LIMIT", 1]]
[active_model_serializers]   [1m[36mCACHE User Load (0.0ms)[0m  [1m[34mSELECT  "users".* FROM "users" WHERE "users"."id" = ? LIMIT ?[0m  [["id", 1], ["LIMIT", 1]]
[active_model_serializers] Rendered ArticuloSerializer with ActiveModelSerializers::Adapter::Attributes (2.0ms)
Completed 200 OK in 6ms (Views: 2.6ms | ActiveRecord: 0.0ms)


Started POST "/articulos/" for 127.0.0.1 at 2018-08-13 19:20:09 -0500
Processing by ArticulosController#create as */*
  Parameters: {"articulo"=>{"titulo"=>"Titulo3", "contenido"=>"Comida de Caramelo"}}
  [1m[36mUser Load (0.0ms)[0m  [1m[34mSELECT  "users".* FROM "users" WHERE "users"."id" = ? LIMIT ?[0m  [["id", 1], ["LIMIT", 1]]
  [1m[35m (0.0ms)[0m  [1m[36mbegin transaction[0m
  [1m[36mCACHE User Load (0.0ms)[0m  [1m[34mSELECT  "users".* FROM "users" WHERE "users"."id" = ? LIMIT ?[0m  [["id", 1], ["LIMIT", 1]]
  [1m[35mSQL (0.0ms)[0m  [1m[32mINSERT INTO "articulos" ("titulo", "contenido", "user_id", "created_at", "updated_at") VALUES (?, ?, ?, ?, ?)[0m  [["titulo", "Titulo3"], ["contenido", "Comida de Caramelo"], ["user_id", 1], ["created_at", "2018-08-14 00:20:09.433262"], ["updated_at", "2018-08-14 00:20:09.433262"]]
  [1m[35m (135.8ms)[0m  [1m[36mcommit transaction[0m
[active_model_serializers] Rendered ArticuloSerializer with ActiveModelSerializers::Adapter::Attributes (15.6ms)
Completed 201 Created in 199ms (Views: 11.8ms | ActiveRecord: 135.8ms)


